<?xml version="1.0" encoding="UTF-8"?>
<!-- Generated by org.testng.reporters.JUnitXMLReporter -->
<testsuite hostname="ESTEBAN" name="Testsgap" tests="4" failures="0" timestamp="13 Feb 2016 20:55:57 GMT" time="44.839" errors="0">
  <testcase name="testLoginPage" time="3.778" classname="com.evercoding.vacations.tests.IndependentTests"/>
  <testcase name="CreateNewUser" time="7.868" classname="com.evercoding.vacations.tests.IndependentTests"/>
  <testcase name="FindEmployee" time="3.643" classname="com.evercoding.vacations.tests.IndependentTests"/>
  <testcase name="DeleteEmployee" time="10.062" classname="com.evercoding.vacations.tests.IndependentTests"/>
</testsuite> <!-- Testsgap -->
